\BOOKMARK [2][-]{section*.2}{1 Design Overview}{}% 1
\BOOKMARK [3][-]{section*.3}{1.1 High Level Descriptions and Purposes}{section*.2}% 2
\BOOKMARK [3][-]{section*.4}{1.2 Original Design}{section*.2}% 3
\BOOKMARK [3][-]{section*.5}{1.3 Modifications and Improvements}{section*.2}% 4
\BOOKMARK [3][-]{Item.4}{1.4 Circuit Operations and Components Significances}{section*.2}% 5
\BOOKMARK [2][-]{section*.7}{2 Design Verifications}{}% 6
\BOOKMARK [3][-]{section*.8}{2.1 Spice Verifications}{section*.7}% 7
\BOOKMARK [3][-]{section*.14}{2.2 Physical Electronics/Breadboard Verifications}{section*.7}% 8
\BOOKMARK [2][-]{section*.19}{3 Design Implementation}{}% 9
\BOOKMARK [3][-]{section*.20}{3.1 PCB Design Description}{section*.19}% 10
\BOOKMARK [3][-]{section*.23}{3.2 PCB Layout}{section*.19}% 11
\BOOKMARK [2][-]{section*.28}{4 Design Manufacturing and Assembly}{}% 12
\BOOKMARK [3][-]{section*.29}{4.1 Soldering and Assembling Approach}{section*.28}% 13
\BOOKMARK [3][-]{section*.30}{4.2 Soldering Methods Used}{section*.28}% 14
\BOOKMARK [3][-]{section*.31}{4.3 Soldering Challanges}{section*.28}% 15
\BOOKMARK [2][-]{section*.32}{5 Design Testing}{}% 16
\BOOKMARK [3][-]{section*.33}{5.1 Test Plans}{section*.32}% 17
\BOOKMARK [3][-]{section*.34}{5.2 Assembled Prototypes and Test Results}{section*.32}% 18
\BOOKMARK [3][-]{section*.35}{5.3 Unsucessful Attempts}{section*.32}% 19
\BOOKMARK [3][-]{section*.36}{5.4 Debugging Processes}{section*.32}% 20
\BOOKMARK [3][-]{section*.37}{5.5 Video Demostration Reference}{section*.32}% 21
