Add Pin To Net: Unknown Pin: Pin AGND-1
Add Pin To Net: Unknown Pin: Pin AGND-2
Add Pin To Net: Unknown Pin: Pin BUTTONS-1
Add Pin To Net: Unknown Pin: Pin BUTTONS-2
Add Pin To Net: Unknown Pin: Pin BUTTONS-3
Add Pin To Net: Unknown Pin: Pin BUTTONS-4
Add Pin To Net: Unknown Pin: Pin BUTTONS-S1
Add Pin To Net: Unknown Pin: Pin BUTTONS-S2
Add Pin To Net: Unknown Pin: Pin C1-1
Add Pin To Net: Unknown Pin: Pin C1-2
Add Pin To Net: Unknown Pin: Pin C2-1
Add Pin To Net: Unknown Pin: Pin C2-2
Add Pin To Net: Unknown Pin: Pin C3-1
Add Pin To Net: Unknown Pin: Pin C3-2
Add Pin To Net: Unknown Pin: Pin C4-1
Add Pin To Net: Unknown Pin: Pin C4-2
Add Pin To Net: Unknown Pin: Pin C5-1
Add Pin To Net: Unknown Pin: Pin C5-2
Add Pin To Net: Unknown Pin: Pin C6-1
Add Pin To Net: Unknown Pin: Pin C6-2
Add Pin To Net: Unknown Pin: Pin C7-1
Add Pin To Net: Unknown Pin: Pin C7-2
Add Pin To Net: Unknown Pin: Pin C8-1
Add Pin To Net: Unknown Pin: Pin C8-2
Add Pin To Net: Unknown Pin: Pin C9-1
Add Pin To Net: Unknown Pin: Pin C9-2
Add Pin To Net: Unknown Pin: Pin C10-1
Add Pin To Net: Unknown Pin: Pin C10-2
Add Pin To Net: Unknown Pin: Pin C11-1
Add Pin To Net: Unknown Pin: Pin C11-2
Add Pin To Net: Unknown Pin: Pin CD1-1
Add Pin To Net: Unknown Pin: Pin CD1-2
Add Pin To Net: Unknown Pin: Pin CD2-1
Add Pin To Net: Unknown Pin: Pin CD2-2
Add Pin To Net: Unknown Pin: Pin CD3-1
Add Pin To Net: Unknown Pin: Pin CD3-2
Add Pin To Net: Unknown Pin: Pin CMS-1
Add Pin To Net: Unknown Pin: Pin CMS-2
Add Pin To Net: Unknown Pin: Pin D1-A
Add Pin To Net: Unknown Pin: Pin D1-C
Add Pin To Net: Unknown Pin: Pin J1-1
Add Pin To Net: Unknown Pin: Pin J1-2
Add Pin To Net: Unknown Pin: Pin J1-3
Add Pin To Net: Unknown Pin: Pin J2-1
Add Pin To Net: Unknown Pin: Pin J2-S1
Add Pin To Net: Unknown Pin: Pin J2-S2
Add Pin To Net: Unknown Pin: Pin J2-S3
Add Pin To Net: Unknown Pin: Pin J2-S4
Add Pin To Net: Unknown Pin: Pin J3-1
Add Pin To Net: Unknown Pin: Pin J3-S1
Add Pin To Net: Unknown Pin: Pin J3-S2
Add Pin To Net: Unknown Pin: Pin J3-S3
Add Pin To Net: Unknown Pin: Pin J3-S4
Add Pin To Net: Unknown Pin: Pin J4-1
Add Pin To Net: Unknown Pin: Pin J4-2
Add Pin To Net: Unknown Pin: Pin J4-3
Add Pin To Net: Unknown Pin: Pin J4-4
Add Pin To Net: Unknown Pin: Pin J4-S1
Add Pin To Net: Unknown Pin: Pin J4-S2
Add Pin To Net: Unknown Pin: Pin J5-1
Add Pin To Net: Unknown Pin: Pin J5-2
Add Pin To Net: Unknown Pin: Pin J5-3
Add Pin To Net: Unknown Pin: Pin J5-4
Add Pin To Net: Unknown Pin: Pin J5-S1
Add Pin To Net: Unknown Pin: Pin J5-S2
Add Pin To Net: Unknown Pin: Pin J6-1
Add Pin To Net: Unknown Pin: Pin J6-2
Add Pin To Net: Unknown Pin: Pin J7-1
Add Pin To Net: Unknown Pin: Pin J7-2
Add Pin To Net: Unknown Pin: Pin J9-1
Add Pin To Net: Unknown Pin: Pin J9-2
Add Pin To Net: Unknown Pin: Pin J10-1
Add Pin To Net: Unknown Pin: Pin J10-2
Add Pin To Net: Unknown Pin: Pin JB-1_A
Add Pin To Net: Unknown Pin: Pin JB-1_B
Add Pin To Net: Unknown Pin: Pin JB-2_A
Add Pin To Net: Unknown Pin: Pin JB-2_B
Add Pin To Net: Unknown Pin: Pin JOY1-H1
Add Pin To Net: Unknown Pin: Pin JOY1-H2
Add Pin To Net: Unknown Pin: Pin JOY1-H3
Add Pin To Net: Unknown Pin: Pin JOY1-S1
Add Pin To Net: Unknown Pin: Pin JOY1-S2
Add Pin To Net: Unknown Pin: Pin JOY1-S3
Add Pin To Net: Unknown Pin: Pin JOY1-S4
Add Pin To Net: Unknown Pin: Pin JOY1-V1
Add Pin To Net: Unknown Pin: Pin JOY1-V2
Add Pin To Net: Unknown Pin: Pin JOY1-V3
Add Pin To Net: Unknown Pin: Pin JOYSTICK-1
Add Pin To Net: Unknown Pin: Pin JOYSTICK-2
Add Pin To Net: Unknown Pin: Pin JOYSTICK-3
Add Pin To Net: Unknown Pin: Pin JOYSTICK-4
Add Pin To Net: Unknown Pin: Pin JOYSTICK-S1
Add Pin To Net: Unknown Pin: Pin JOYSTICK-S2
Add Pin To Net: Unknown Pin: Pin JP-01
Add Pin To Net: Unknown Pin: Pin JP-02
Add Pin To Net: Unknown Pin: Pin JP-03
Add Pin To Net: Unknown Pin: Pin JP-04
Add Pin To Net: Unknown Pin: Pin JP-05
Add Pin To Net: Unknown Pin: Pin JP-06
Add Pin To Net: Unknown Pin: Pin LAUNCH-1
Add Pin To Net: Unknown Pin: Pin LAUNCH-2
Add Pin To Net: Unknown Pin: Pin LS-N
Add Pin To Net: Unknown Pin: Pin LS-P
Add Pin To Net: Unknown Pin: Pin PDOWN-1
Add Pin To Net: Unknown Pin: Pin PDOWN-2
Add Pin To Net: Unknown Pin: Pin PDS-01
Add Pin To Net: Unknown Pin: Pin PDS-02
Add Pin To Net: Unknown Pin: Pin PDS-03
Add Pin To Net: Unknown Pin: Pin PDS-04
Add Pin To Net: Unknown Pin: Pin PDS-05
Add Pin To Net: Unknown Pin: Pin PDS-06
Add Pin To Net: Unknown Pin: Pin PDS-07
Add Pin To Net: Unknown Pin: Pin PDS-08
Add Pin To Net: Unknown Pin: Pin PDS-09
Add Pin To Net: Unknown Pin: Pin PDS-10
Add Pin To Net: Unknown Pin: Pin PDS-11
Add Pin To Net: Unknown Pin: Pin PDS-12
Add Pin To Net: Unknown Pin: Pin PDS-13
Add Pin To Net: Unknown Pin: Pin PDS-14
Add Pin To Net: Unknown Pin: Pin PDS-15
Add Pin To Net: Unknown Pin: Pin PDS-16
Add Pin To Net: Unknown Pin: Pin PDS-18
Add Pin To Net: Unknown Pin: Pin PUP-1
Add Pin To Net: Unknown Pin: Pin PUP-2
Add Pin To Net: Unknown Pin: Pin Q1-1
Add Pin To Net: Unknown Pin: Pin Q1-2
Add Pin To Net: Unknown Pin: Pin Q1-3
Add Pin To Net: Unknown Pin: Pin R1-1
Add Pin To Net: Unknown Pin: Pin R1-2
Add Pin To Net: Unknown Pin: Pin R2-1
Add Pin To Net: Unknown Pin: Pin R2-2
Add Pin To Net: Unknown Pin: Pin R3-1
Add Pin To Net: Unknown Pin: Pin R3-2
Add Pin To Net: Unknown Pin: Pin R4-1
Add Pin To Net: Unknown Pin: Pin R4-2
Add Pin To Net: Unknown Pin: Pin R5-1
Add Pin To Net: Unknown Pin: Pin R5-2
Add Pin To Net: Unknown Pin: Pin R7-1
Add Pin To Net: Unknown Pin: Pin R7-2
Add Pin To Net: Unknown Pin: Pin R8-1
Add Pin To Net: Unknown Pin: Pin R8-2
Add Pin To Net: Unknown Pin: Pin R9-1
Add Pin To Net: Unknown Pin: Pin R9-2
Add Pin To Net: Unknown Pin: Pin R10-1
Add Pin To Net: Unknown Pin: Pin R10-2
Add Pin To Net: Unknown Pin: Pin R11-1
Add Pin To Net: Unknown Pin: Pin R11-2
Add Pin To Net: Unknown Pin: Pin R12-1
Add Pin To Net: Unknown Pin: Pin R12-2
Add Pin To Net: Unknown Pin: Pin R13-1
Add Pin To Net: Unknown Pin: Pin R13-2
Add Pin To Net: Unknown Pin: Pin R14-1
Add Pin To Net: Unknown Pin: Pin R14-2
Add Pin To Net: Unknown Pin: Pin R15-1
Add Pin To Net: Unknown Pin: Pin R15-2
Add Pin To Net: Unknown Pin: Pin S1-1
Add Pin To Net: Unknown Pin: Pin S1-2
Add Pin To Net: Unknown Pin: Pin S1-3
Add Pin To Net: Unknown Pin: Pin S1-4
Add Pin To Net: Unknown Pin: Pin U1-1
Add Pin To Net: Unknown Pin: Pin U1-2
Add Pin To Net: Unknown Pin: Pin U1-3
Add Pin To Net: Unknown Pin: Pin U1-4
Add Pin To Net: Unknown Pin: Pin U1-5
Add Pin To Net: Unknown Pin: Pin U1-6
Add Pin To Net: Unknown Pin: Pin U1-7
Add Pin To Net: Unknown Pin: Pin U1-8
Add Pin To Net: Unknown Pin: Pin U1-9
Add Pin To Net: Unknown Pin: Pin U1-10
Add Pin To Net: Unknown Pin: Pin U1-11
Add Pin To Net: Unknown Pin: Pin U1-12
Add Pin To Net: Unknown Pin: Pin U1-13
Add Pin To Net: Unknown Pin: Pin U1-14
Add Pin To Net: Unknown Pin: Pin U1-15
Add Pin To Net: Unknown Pin: Pin U1-16
Add Pin To Net: Unknown Pin: Pin U1-17
Add Pin To Net: Unknown Pin: Pin U1-18
Add Pin To Net: Unknown Pin: Pin U1-19
Add Pin To Net: Unknown Pin: Pin U1-20
Add Pin To Net: Unknown Pin: Pin U1-21
Add Pin To Net: Unknown Pin: Pin U1-22
Add Pin To Net: Unknown Pin: Pin U1-23
Add Pin To Net: Unknown Pin: Pin U1-24
Add Pin To Net: Unknown Pin: Pin U1-25
Add Pin To Net: Unknown Pin: Pin U1-26
Add Pin To Net: Unknown Pin: Pin U1-27
Add Pin To Net: Unknown Pin: Pin U1-28
Add Pin To Net: Unknown Pin: Pin U2-1
Add Pin To Net: Unknown Pin: Pin U2-2
Add Pin To Net: Unknown Pin: Pin U2-3
Add Pin To Net: Unknown Pin: Pin U2-4
Add Pin To Net: Unknown Pin: Pin U2-5
Add Pin To Net: Unknown Pin: Pin U2-6
Add Pin To Net: Unknown Pin: Pin U2-7
Add Pin To Net: Unknown Pin: Pin U2-8
Add Pin To Net: Unknown Pin: Pin U2-9
Add Pin To Net: Unknown Pin: Pin U2-10
Add Pin To Net: Unknown Pin: Pin U2-11
Add Pin To Net: Unknown Pin: Pin U2-12
Add Pin To Net: Unknown Pin: Pin U2-13
Add Pin To Net: Unknown Pin: Pin U2-14
Add Pin To Net: Unknown Pin: Pin U2-15
Add Pin To Net: Unknown Pin: Pin U2-16
Add Pin To Net: Unknown Pin: Pin U2-17
Add Pin To Net: Unknown Pin: Pin U2-18
Add Pin To Net: Unknown Pin: Pin U2-19
Add Pin To Net: Unknown Pin: Pin U2-20
Add Pin To Net: Unknown Pin: Pin X1-1
Add Pin To Net: Unknown Pin: Pin X1-2
Added Class: Name=Joystick Board
Added Class: Name=Processor Board
Added Room: Name=Joystick Board
Added Room: Name=Processor Board
